Nazwisko 2000 2001 2002 2003 2004 2005 2006 2007 2008 2009 2010 2011 2012 2013 2014 2015 2017 2018 2020
AdBazsy    59    -    -    -    -    -    -    -    -    -    -    -    -    45    -    -    -    -    45
AdGó    69    49    -    94    50    46    85    51    63    -    -    -    93    71    86    94    -    86    80
AdiJeKr    39    28    34    21    29    30    22    41    24    25    19    19    -    35    34    21    17    34    30
AdiMiPl    56    -    -    -    -    -    48    -    -    -    -    -    68    -    -    -    -    -    -
AgWe    100    -    -    -    -    93    -    -    -    -    -    -    -    97    93    -    -    88    97
AlWezdz    27    -    -    -    -    24    -    -    -    -    -    -    -    22    24    -    -    19    22
AnMi    98    -    -    -    -    -    -    -    -    -    -    -    -    -    -    -    -    -    -
AnOl    84    -    -    -    -    99    97    -    -    -    -    -    -    92    99    -    -    -    92
AnWa    45    56    35    30    44    54    55    55    35    13    21    27    92    51    52    30    14    52    46
AniZyOl    63    67    11    36    38    40    31    45    33    21    14    14    27    41    38    36    65    38    35
AnPo    47    -    -    -    -    -    50    -    -    -    -    -    46    -    -    -    -    -    -
AnPt    9    -    -    -    -    10    9    -    -    -    -    -    16    11    10    -    -    70    11
ArMu    62    58    -    63    76    27    31    79    58    -    52    61    15    26    27    63    57    28    26
ArTo    88    41    -    -    68    33    -    46    62    -    -    -    -    34    33    -    -    29    34
BoSzzro    70    74    -    124    100    71    82    83    100    -    -    129    -    73    71    124    -    77    73
BoCu    28    14    31    11    6    15    10    5    8    12    7    8    -    31    31    11    6    31    26
DaMi    4    11    -    72    20    9    4    25    26    -    -    60    11    4    8    72    -    8    8
DoiSeKu    1    -    -    -    -    -    -    -    -    -    -    -    -    -    -    -    -    -    -
DoiWoSo    76    -    -    -    -    -    76    -    -    -    -    -    -    -    -    -    -    -    -
EdŁu    57    -    -    -    -    49    48    -    -    -    -    -    96    49    49    -    -    -    49
EliBoKa    6    -    -    -    -    -    -    -    -    -    -    -    -    -    -    -    -    -    -
EliJaFi    52    -    -    -    -    -    -    -    -    -    -    -    -    -    -    -    -    -    -
EwiRyLe    69    -    -    -    -    -    -    -    -    -    -    -    87    -    -    -    -    -    -
GrKu    19    19    -    -    46    11    18    29    12    -    -    -    24    10    11    -    -    9    10
GriRoKa    11    -    -    -    -    -    -    -    -    -    -    -    -    -    -    -    -    -    -
GrGr    41    55    35    28    42    53    49    53    34    13    17    24    72    43    46    28    15    46    51
GrSt    93    -    -    -    -    -    -    -    -    -    -    -    -    -    -    -    -    -    -
HeSt    22    32    24    15    33    21    22    39    18    33    20    21    26    21    22    15    19    20    21
HeRu    25    -    -    -    -    25    30    26    -    -    -    -    -    23    25    -    -    16    23
IrEriHeOr    59    70    93    87    97    62    72    83    85    -    59    77    -    69    63    87    67    63    68
JaPa    21    10    -    -    23    17    20    13    -    -    -    -    -    15    17    -    -    13    15
JaRu    78    92    21    95    -    87    -    -    -    17    58    62    -    77    87    95    12    91    77
JaWr    75    -    -    -    -    -    91    -    -    -    -    -    -    -    -    -    -    -    -
JeKa    31    -    -    -    72    65    34    53    69    -    -    -    30    64    65    -    -    59    64
JeSt    7    10    4    14    21    6    5    19    14    9    10    11    6    9    9    14    10    9    7
JeWi    61    -    -    -    -    -    -    -    -    -    -    -    -    -    -    -    -    -    -
JóSz    31    83    -    -    76    69    34    64    74    -    -    -    30    68    69    -    -    63    68
JóWi    39    -    -    -    -    -    74    -    -    -    -    -    56    91    -    -    -    -    91
JóWo    37    43    26    59    14    14    62    15    48    -    57    53    -    33    29    59    45    29    31
JóiMaKo    67    18    -    41    24    18    -    28    42    -    45    37    -    85    91    41    -    91    64
KaHe    81    97    -    140    -    97    98    -    -    -    -    -    63    89    97    140    -    78    89
KaPa    36    51    -    65    71    50    41    85    81    -    -    80    -    37    35    65    -    35    71
KrBo    68    -    -    -    -    -    68    -    -    -    -    -    -    -    -    -    -    -    -
KrDo    90    71    -    56    60    70    -    87    58    -    -    -    -    83    70    -    -    99    83
KrGr    58    54    -    32    54    48    57    58    37    -    -    -    56    59    55    32    -    55    48
KrKl    13    22    38    19    35    27    51    36    21    39    22    18    50    18    18    19    31    18    18
KrPa    31    80    -    109    73    66    34    61    70    -    -    -    30    65    66    109    -    60    65
KrPr    50    69    -    79    45    61    55    49    60    -    -    -    -    55    61    79    -    58    55
KrSu    40    -    -    -    -    40    47    -    -    -    -    -    41    39    40    -    -    38    39
LeBo    30    -    -    -    -    -    27    -    -    -    -    -    48    47    -    -    -    -    47
LeCz    5    5    10    12    4    3    8    3    9    11    11    10    99    5    4    12    9    4    5
LeGa    80    -    -    -    -    81    77    -    -    -    -    -    -    72    81    -    -    75    72
LeGi    31    -    -    -    -    74    40    -    -    -    -    -    17    56    74    -    -    -    56
LuKu    97    -    -    -    -    -    92    -    -    -    -    -    -    -    -    -    -    -    -
MaFo    65    -    9    -    -    84    -    -    -    49    -    -    -    75    84    -    -    -    75
MaWi    27    -    -    -    -    -    40    -    -    -    -    -    37    -    -    -    -    -    -
MaiMaAd    22    -    -    -    -    -    22    -    -    -    -    -    -    -    -    -    -    -    -
MaIw    31    -    -    -    -    -    14    -    -    -    -    -    10    -    -    -    -    -    -
MaMa    51    45    -    105    75    39    66    64    64    -    -    -    -    50    45    105    -    45    57
MaKs    87    -    -    -    -    -    -    -    -    -    -    -    -    95    -    -    -    -    95
MaWa    43    44    -    29    22    34    53    27    16    -    -    34    -    44    48    29    -    48    34
MiKi    42    -    -    -    -    -    17    -    -    -    -    -    11    -    -    -    -    -    -
MiSo    3    7    7    4    1    5    3    4    3    6    8    6    1    3    3    4    7    3    3
PaPr    92    -    -    -    -    -    -    -    -    -    -    -    75    -    -    -    -    -    -
PiKr    64    -    -    -    -    -    84    -    -    -    -    -    -    -    -    -    -    -    -
PiSz    7    -    -    -    -    -    5    -    -    -    -    -    3    -    -    -    -    -    -
PiVo    99    58    -    58    67    64    -    80    61    -    -    103    -    88    88    58    -    88    83
RoKl    91    68    13    70    95    85    98    76    80    16    56    57    -    86    85    70    50    84    86
RoiGrKa    9    9    -    5    2    7    26    6    2    -    -    9    43    12    12    5    -    12    6
RyFl    60    -    -    -    -    26    28    -    -    -    -    -    57    24    26    -    -    -    24
SoiKrOl    48    -    -    -    -    -    -    -    -    -    -    -    -    -    -    -    -    -    -
StBi    45    -    -    -    -    43    -    -    -    -    -    -    -    27    43    -    -    55    27
StHa    53    99    -    75    88    67    71    94    73    -    -    85    -    62    60    75    -    60    56
SyCa    86    47    -    93    82    80    -    57    66    -    -    -    -    82    80    -    -    72    82
SłRu    31    81    -    -    74    67    34    62    72    -    -    -    30    66    67    -    -    61    66
TaCh    19    8    12    13    16    8    43    13    13    28    12    16    48    25    21    13    13    21    22
TeMozro    26    66    -    47    80    57    -    89    65    -    42    42    -    -    -    47    24    47    -
ToBi    13    -    -    -    -    -    7    -    -    -    -    -    2    -    -    -    -    -    -
ToCz    89    100    46    -    96    78    90    -    82    42    -    134    92    46    78    -    100    93    46
ToDozro    12    -    -    -    -    -    -    -    -    -    -    -    -    20    -    -    -    -    20
ToGu    15    -    -    -    -    13    11    -    -    -    -    -    18    13    13    -    -    11    13
UrSi    96    -    -    -    -    -    -    -    -    -    -    -    -    -    -    -    -    -    -
ViWe    94    -    -    -    -    92    -    -    -    -    -    -    -    98    92    -    -    -    98
WiLizro    31    24    -    -    31    28    -    21    27    -    -    -    -    28    28    -    -    27    28
WiWł    53    -    -    135    -    56    55    -    -    -    73    91    -    53    56    135    -    44    53
WiHe    82    -    -    -    -    -    -    -    -    -    -    -    72    94    -    -    -    -    94
WoiDoSo    52    81    83    50    78    66    -    86    49    74    46    43    -    70    62    50    64    62    54
ZbJa    15    38    29    55    47    29    20    30    41    45    55    41    14    16    19    55    34    19    14
ZbJuzro    17    -    -    -    -    -    -    -    -    -    -    -    -    42    -    -    -    -    42
ZbKozro    16    23    49    33    40    23    16    33    39    26    28    32    -    17    16    33    30    16    15
ZbNi    10    24    19    26    43    20    17    48    25    8    30    25    20    14    14    26    11    14    12
ZdSt    31    82    -    -    75    68    34    63    73    -    -    -    30    67    68    -    -    62    67
ZeZizro    46    -    -    137    -    83    -    -    -    -    -    123    -    78    83    137    -    85    78
ZySo    2    2    5    2    3    2    2    2    4    4    3    3    -    2    2    2    3    2    2
ZyiAnOl    27    -    -    -    -    -    -    -    -    -    -    -    -    -    -    -    -    -    -
ŁuWe    83    -    -    -    -    73    87    -    -    -    -    -    97    79    73    -    -    66    79
AdBa    -    90    -    91    -    72    -    98    94    -    70    84    -    74    72    91    62    69    74
AdiPiRą    -    85    -    88    91    41    -    88    96    -    -    -    -    36    41    -    -    24    36
AlGu    -    12    2    3    7    12    -    9    5    2    2    4    -    -    -    3    2    -    -
AnCz    -    61    -    -    -    -    -    74    51    -    -    -    -    -    -    -    -    -    -
AnSz    -    44    -    -    50    95    -    37    52    -    -    -    -    99    95    -    -    86    99
AnPozro    -    39    16    27    32    31    -    43    27    19    27    28    -    38    39    27    23    39    37
BoKa    -    15    -    130    26    17    -    18    97    -    -    130    -    -    -    130    -    23    -
BoWyzżo    -    78    -    96    97    90    -    89    94    -    -    -    -    96    90    -    -    92    96
DaWo    -    75    92    -    -    -    -    90    -    83    54    75    -    -    -    -    71    89    -
GrDz    -    95    -    93    -    -    -    -    -    -    71    74    -    100    -    93    -    95    100
GrJa    -    6    -    8    10    5    -    10    11    -    15    12    -    6    5    8    -    -    6
JaKozro    -    82    -    71    48    45    -    47    51    -    -    -    -    -    -    71    -    82    -
JaKu    -    1    1    1    13    1    -    1    1    1    1    1    -    1    1    1    1    1    1
JaiElFi    -    59    87    42    36    55    73    37    62    23    61    63    52    48    51    42    56    51    45
JeLu    -    42    -    52    64    -    -    24    45    -    83    72    -    -    -    52    -    -    -
JeMa    -    89    99    86    65    89    -    92    49    -    -    120    -    87    89    -    -    87    87
JeWizżo    -    16    -    45    23    32    -    22    23    -    -    -    -    -    -    45    -    -    -
JóBi    -    98    -    108    -    -    -    -    -    -    75    79    -    -    -    108    -    -    -
KrJę    -    25    -    -    -    42    -    31    -    -    -    -    -    63    42    -    -    42    63
KrNi    -    50    32    22    53    49    -    54    36    44    23    20    -    -    -    22    18    -    -
KrOl    -    71    75    85    83    43    -    66    52    94    49    52    -    -    -    85    42    -    -
MaNa    -    36    28    23    37    37    -    42    29    38    29    30    -    -    -    23    22    52    -
MaJu    -    88    92    -    -    -    -    100    -    83    74    97    -    -    -    -    78    81    -
MaKr    -    60    -    35    55    -    -    67    40    -    -    -    -    -    -    35    -    -    -
MaMi    -    4    8    6    9    4    -    8    7    31    5    5    -    -    -    6    8    -    -
MaPi    -    73    -    51    61    -    -    20    44    -    80    70    -    -    -    51    -    -    -
MaPr    -    19    18    17    28    13    -    34    20    10    9    15    -    -    -    17    79    -    -
MaSt    -    52    -    -    29    -    -    85    -    -    -    -    -    -    -    -    -    -    -
MaKw    -    35    -    16    17    -    -    21    17    -    26    29    -    -    -    16    -    -    -
MaŚw    -    25    15    24    39    28    -    35    31    20    24    26    -    40    23    24    20    23    21
NgTuTa    -    93    -    -    -    -    -    93    -    -    -    -    -    -    -    -    -    -    -
PaiMaSz    -    99    -    -    56    -    -    -    46    -    -    -    -    -    -    -    -    -    -
PiiPaWo    -    84    -    97    85    70    -    81    67    -    -    92    -    -    -    97    -    -    -
PrSz    -    20    -    25    30    36    -    26    28    -    -    -    -    -    -    25    -    -    -
PriRaKo    -    69    -    62    -    -    -    -    30    -    -    -    -    -    -    62    -    -    -
RoKa    -    95    -    76    89    84    -    84    75    -    67    69    -    -    32    76    51    32    32
RoWe    -    40    14    10    8    -    -    12    6    7    6    7    -    -    -    10    5    -    -
RyFlzro    -    41    56    37    34    38    -    44    38    -    35    40    -    -    -    37    27    25    -
RyKr    -    30    3    7    5    22    -    7    10    3    4    2    -    -    -    7    4    36    -
RyVa    -    65    -    49    84    63    -    92    47    -    39    46    -    -    -    49    53    -    -
SoZa    -    33    20    38    25    33    -    32    43    14    32    35    -    -    -    38    29    -    -
StRo    -    86    -    132    -    -    -    -    -    -    -    -    -    -    -    132    -    -    -
SłSm    -    3    -    9    11    6    -    11    12    -    16    13    -    7    6    9    -    -    7
TaNi    -    76    51    -    -    -    -    48    -    -    50    -    -    -    -    -    40    -    -
ToKu    -    87    -    -    62    -    -    91    -    -    -    -    -    -    -    -    -    -    -
WaKi    -    35    -    -    57    -    -    27    -    -    -    -    -    -    -    -    -    -    -
WoMr    -    47    50    54    60    42    -    61    54    64    37    45    -    -    -    54    43    -    -
WoPl-Pl    -    52    76    88    77    56    -    78    66    87    85    96    -    -    96    88    82    96    53
WoWazżo    -    94    -    126    70    -    -    94    59    -    -    -    -    -    -    126    -    90    -
ZbBe    -    79    -    71    93    -    -    -    92    -    -    -    -    -    -    -    -    -    -
ZbJu    -    75    -    80    63    65    18    77    74    -    69    76    -    -    44    80    80    44    39
ZbOp    -    59    -    -    52    -    -    68    -    -    -    -    -    -    -    -    -    -    -
AdRu    -    -    85    -    -    -    -    -    -    -    -    140    -    -    -    -    -    -    -
AlLe    -    -    37    144    -    -    -    -    -    15    -    125    -    -    -    144    75    -    -
AnAd    -    -    91    -    -    -    -    -    -    88    -    -    -    -    -    -    -    -    -
AnCi    -    -    66    68    68    -    -    71    68    72    53    64    -    -    -    68    55    -    -
AnKa    -    -    91    -    -    -    -    -    -    88    -    -    -    -    -    -    -    -    -
AnKo    -    -    69    -    -    -    -    -    -    85    -    -    -    -    -    -    -    -    -
AnPa    -    -    23    -    -    -    -    -    -    35    -    -    -    -    -    -    -    -    -
AnRa    -    -    67    120    -    -    -    -    -    54    95    117    -    -    -    120    73    -    -
AniLePi    -    -    78    -    -    -    -    -    -    79    -    -    -    -    -    -    -    -    -
AniZbGa    -    -    70    46    -    -    -    -    -    78    47    48    -    -    -    46    87    -    -
BoFo    -    -    27    44    65    -    -    -    46    30    40    47    -    -    -    44    44    -    -
BoKo    -    -    80    -    -    -    -    -    -    52    -    141    -    -    -    -    -    -    -
DaBo    -    -    96    -    -    -    -    -    -    -    -    -    -    -    -    -    -    -    -
DaSo    -    -    52    -    -    -    -    -    -    62    -    -    -    -    -    -    38    -    -
EwŻu    -    -    55    -    -    -    -    -    -    50    -    -    -    -    -    -    -    -    -
GrAn    -    -    39    67    -    -    -    -    -    55    90    54    -    -    -    67    81    -    -
HeKu    -    -    99    -    -    -    -    -    -    92    -    -    -    -    -    -    -    -    -
IgPe    -    -    36    57    -    -    -    -    -    59    43    50    -    -    -    57    39    -    -
JaKa    -    -    54    -    -    -    -    -    -    32    -    -    -    -    -    -    -    -    -
JaSa    -    -    67    125    -    77    -    -    -    54    96    118    72    -    77    125    60    74    -
JaSt    -    -    33    141    -    -    -    -    -    36    -    88    -    -    -    141    -    -    -
JaZa    -    -    79    -    -    -    -    -    -    100    92    133    -    -    -    -    83    -    -
JaMy    -    -    100    -    -    -    -    -    -    76    -    -    -    -    -    -    -    -    -
JaiWoSt    -    -    62    -    -    -    -    -    -    60    68    -    -    -    -    -    58    -    -
JaGo    -    -    73    -    -    -    -    -    -    69    91    -    -    -    -    -    -    -    -
JaKi    -    -    86    -    -    -    -    -    -    84    -    -    -    -    -    -    -    -    -
JeHuGi    -    -    41    -    -    -    -    -    -    40    -    -    -    -    -    -    -    -    -
JeKr    -    -    47    -    -    -    -    -    -    65    -    -    -    -    -    -    -    -    -
JeMi    -    -    40    -    -    -    -    -    -    -    -    -    -    -    -    -    -    -    -
JeSz    -    -    59    -    -    -    -    -    -    47    -    -    -    -    -    -    54    -    -
JoiWiPo    -    -    71    -    -    -    -    -    -    -    -    -    -    -    -    -    -    -    -
KaWi    -    -    88    -    -    -    -    -    -    -    -    -    -    -    -    -    95    -    -
KrKr    -    -    56    -    -    -    -    -    -    -    -    -    -    -    -    -    -    -    -
KrMu    -    -    22    77    -    -    -    -    84    27    36    65    -    -    -    77    35    -    -
MaGr    -    -    54    -    -    -    -    -    -    32    -    -    -    -    -    -    -    -    -
MaAn    -    -    91    -    -    -    -    -    -    88    -    -    -    -    -    -    -    -    -
MaBo    -    -    54    -    -    -    -    -    -    32    -    -    -    -    -    -    -    -    -
MaKa    -    -    48    40    57    -    -    63    22    70    41    38    -    -    -    40    47    -    -
MaŁu    -    -    52    -    -    -    -    -    -    62    33    36    -    -    -    -    37    40    -
MiSk    -    -    84    -    -    -    -    -    -    68    -    -    -    -    -    -    -    -    -
MiCi    -    -    67    121    -    76    -    -    -    54    94    116    72    -    76    121    61    73    -
MiLa    -    -    98    -    -    -    -    -    -    -    -    -    -    -    -    -    -    -    -
OlMa    -    -    60    64    -    -    -    -    83    -    63    59    -    -    -    64    36    -    -
PaOb    -    -    64    -    -    -    -    -    -    86    -    -    -    -    -    -    -    -    -
PaRo    -    -    45    115    -    -    -    -    -    41    86    86    -    -    -    115    74    -    -
PiBi    -    -    60    34    -    -    -    -    55    -    48    33    -    -    -    34    28    -    -
PiJóBu    -    -    6    74    -    -    -    -    -    5    34    55    -    -    -    74    21    -    -
PiMi    -    -    89    -    -    -    -    -    -    89    -    -    -    -    -    -    -    -    -
PiSm    -    -    82    -    -    -    -    -    -    76    -    -    -    -    -    -    -    -    -
PiWi    -    -    97    -    -    -    -    -    -    -    -    -    -    -    -    -    96    -    -
RoSt    -    -    67    123    -    79    -    -    -    54    97    119    -    80    79    123    59    76    80
RuSk    -    -    53    -    -    -    -    -    -    46    72    82    -    -    -    -    70    -    -
RyPi    -    -    68    104    93    -    -    -    69    73    81    95    -    -    -    104    -    -    -
StCi    -    -    35    39    -    -    -    -    72    13    18    23    -    -    -    39    16    -    -
StTy    -    -    72    119    -    -    -    -    99    91    89    90    -    -    -    119    48    -    -
TaKuzro    -    -    81    83    -    -    -    -    91    -    64    58    -    -    -    83    49    -    -
TaLi    -    -    30    18    -    -    -    -    19    22    13    17    -    -    -    18    25    -    -
TaWe    -    -    25    -    -    -    -    -    -    29    60    39    -    -    -    -    68    -    -
TaWi    -    -    43    53    56    -    -    59    53    58    65    67    -    -    -    53    69    -    -
ToKo    -    -    97    146    -    -    -    -    -    -    -    126    -    -    -    146    97    -    -
ToSi    -    -    61    127    -    -    -    -    -    24    99    87    -    -    -    127    90    -    -
WaWi    -    -    96    -    -    -    -    -    -    -    -    -    -    -    -    -    -    -    -
WiOs    -    -    98    -    -    -    -    -    -    -    -    -    -    -    -    -    -    -    -
WiWi    -    -    95    78    -    -    -    -    78    90    82    71    -    -    -    78    72    -    -
WiBi    -    -    57    -    -    -    -    -    -    66    -    -    -    -    -    -    -    -    -
WłOw    -    -    38    -    -    -    -    -    -    39    -    121    -    -    -    -    41    -    -
ZbGr    -    -    94    -    -    -    -    -    -    99    -    147    -    -    -    -    -    -    -
ZbMo    -    -    17    -    -    -    -    -    -    18    -    -    -    -    -    -    -    -    -
ZbPr    -    -    58    -    -    -    -    -    -    61    44    -    -    -    -    -    52    -    -
ZdSa    -    -    63    90    -    -    -    -    -    37    98    112    -    -    -    90    89    -    -
ZeSr    -    -    42    43    -    -    -    -    -    57    38    44    -    -    -    43    33    -    -
AdiDaKe    -    -    -    106    -    -    -    -    -    -    -    111    -    -    -    106    -    -    -
AnSt    -    -    -    96    41    -    -    -    79    -    -    83    -    -    -    96    -    -    -
AniIwPr    -    -    -    103    -    -    -    -    -    43    -    81    -    -    -    103    -    -    -
ArKł    -    -    -    110    -    -    -    -    -    -    -    105    -    -    -    110    -    -    -
BaUrMa    -    -    -    99    -    -    -    -    -    -    -    -    -    -    -    99    -    -    -
BoDu-Jazro    -    -    -    69    -    -    -    -    89    -    -    56    -    -    -    69    -    -    -
CeSz    -    -    -    118    -    -    -    -    -    -    100    94    -    -    -    118    -    -    -
EliJaTa    -    -    -    100    -    -    -    -    -    -    76    89    -    -    -    100    -    -    -
HeŁu    -    -    -    149    -    -    -    -    -    -    -    136    -    -    -    149    94    -    -
HeKa    -    -    -    147    -    -    -    -    -    -    88    110    -    -    -    147    86    -    -
JaUr    -    -    -    136    -    -    -    -    -    -    -    -    -    -    -    136    -    -    -
JaWa    -    -    -    150    -    -    -    -    -    -    -    -    -    -    -    150    -    -    -
JeGr    -    -    -    102    -    -    -    -    -    -    -    108    -    -    -    102    -    -    -
JeUr    -    -    -    133    -    -    -    -    -    -    77    98    -    -    -    133    -    -    -
JóKa    -    -    -    129    -    -    -    -    -    -    -    -    -    -    -    129    -    -    -
KaiWiPo    -    -    -    59    90    -    -    72    91    -    -    -    -    -    -    -    -    -    -
KaMi    -    -    -    114    -    -    -    -    -    -    -    -    -    -    -    114    -    -    -
MaKo    -    -    -    139    -    -    -    -    -    -    -    144    -    -    -    139    -    -    -
MaRo    -    -    -    89    -    -    -    -    -    -    -    102    -    -    -    89    -    -    -
MaGlzro    -    -    -    101    -    -    -    -    -    -    -    -    -    -    -    101    -    -    -
PiKl    -    -    -    116    -    -    -    -    -    -    78    93    -    -    -    116    -    -    -
PiNi    -    -    -    134    -    -    -    -    -    -    -    115    -    -    -    134    77    -    -
RaWi    -    -    -    86    -    -    -    -    -    -    -    51    -    -    -    86    -    -    -
RoSo    -    -    -    92    -    -    -    -    -    -    -    -    -    -    -    -    -    -    -
SeMa    -    -    -    98    -    -    -    -    87    -    -    -    -    -    -    98    -    -    -
TaBa    -    -    -    60    -    -    -    -    -    -    -    101    -    -    -    60    -    -    -
TaGo    -    -    -    82    87    -    -    -    77    -    -    -    -    -    -    82    -    -    -
TaSe    -    -    -    92    -    -    -    -    76    -    -    -    -    -    -    92    -    -    -
ToMi    -    -    -    117    -    -    -    -    -    -    -    -    -    -    -    117    -    -    -
ToMo    -    -    -    145    -    -    -    -    90    -    -    137    -    -    -    145    -    -    -
ToiDoKu    -    -    -    111    -    -    -    -    86    -    -    106    -    -    -    111    -    -    -
UrGr    -    -    -    107    -    -    -    -    -    -    -    124    -    -    -    107    -    -    -
WaRa    -    -    -    142    -    -    -    -    -    -    -    128    -    -    -    142    93    -    -
WiKo    -    -    -    128    -    -    -    -    98    -    -    131    -    -    -    128    -    -    -
WiWo    -    -    -    122    -    -    -    -    100    -    -    100    -    -    -    122    -    -    -
WoMo    -    -    -    138    -    -    -    -    -    -    84    99    -    -    -    138    -    -    -
WoRy    -    -    -    148    -    -    -    -    -    -    -    -    -    -    -    148    -    -    -
ZbSozro    -    -    -    113    -    -    -    -    -    -    -    113    -    -    -    113    -    -    -
ZbiRySk    -    -    -    84    -    -    -    -    -    -    62    73    -    -    -    84    66    -    -
ZdKa    -    -    -    61    -    -    -    -    -    -    -    -    -    -    -    61    -    -    -
JaDo    -    -    -    -    17    -    -    34    15    -    -    -    -    -    -    -    -    -    -
KrKozro    -    -    -    -    40    -    -    77    19    -    -    -    -    -    -    -    -    -    -
LeiKrJę    -    -    -    -    14    -    -    -    -    -    -    -    -    -    -    -    -    -    -
MaFa    -    -    -    -    87    -    -    -    95    -    -    -    -    -    -    -    -    67    -
StKu    -    -    -    -    88    -    -    97    -    -    -    -    -    -    -    -    -    -    -
GeEf    -    -    -    -    -    7    -    -    -    -    -    -    -    8    7    -    -    4    8
KriSoOl    -    -    -    -    -    36    45    -    -    -    -    -    28    32    36    -    -    -    32
MiiAdPl    -    -    -    -    -    64    75    -    -    -    -    -    -    57    64    -    -    -    57
PiNo    -    -    -    -    -    94    -    -    -    -    -    -    -    -    94    -    -    -    -
RaBr    -    -    -    -    -    54    -    -    -    -    -    -    -    93    54    -    -    41    93
RoJ.Śc    -    -    -    -    -    82    -    -    -    -    -    -    -    -    82    -    -    -    -
TeMo    -    -    -    -    -    50    29    -    -    -    -    -    38    52    50    -    -    -    52
ToDo    -    -    -    -    -    15    13    -    -    -    -    -    35    -    15    -    -    10    -
ToZa    -    -    -    -    -    58    -    -    -    -    -    -    -    60    58    -    -    97    60
WiTeHe    -    -    -    -    -    100    -    -    -    -    -    -    -    -    100    -    -    -    -
ZbWo    -    -    -    -    -    98    12    -    -    -    -    -    -    -    98    -    -    100    -
ZeDu    -    -    -    -    -    57    -    -    -    -    -    -    -    58    57    -    -    96    58
ZyŻu    -    -    -    -    -    59    -    -    -    -    -    -    -    -    59    -    -    -    -
AdKr    -    -    -    -    -    -    63    -    -    -    -    -    58    -    -    -    -    -    -
AlWe    -    -    -    -    -    -    31    -    -    -    -    -    64    -    -    -    -    -    -
BaIn    -    -    -    -    -    -    79    -    -    -    -    -    91    -    -    -    -    -    -
BoiElKa    -    -    -    -    -    -    9    -    -    -    -    -    -    -    -    -    -    -    -
DaDą    -    -    -    -    -    -    96    -    -    -    -    -    -    -    -    -    -    -    -
DoKu    -    -    -    -    -    -    3    -    -    -    -    -    5    -    -    -    -    -    -
GrĆw    -    -    -    -    -    -    65    -    -    -    -    -    49    -    -    -    -    -    -
IrEr    -    -    -    -    -    -    72    -    -    -    -    -    67    -    -    -    -    -    -
JaFu    -    -    -    -    -    -    55    -    -    -    -    -    60    -    -    -    -    -    -
KoPa    -    -    -    -    -    -    79    -    -    -    -    -    -    -    -    -    -    -    -
KrKo    -    -    -    -    -    -    93    -    -    -    -    -    29    -    -    -    -    -    -
LeKo    -    -    -    -    -    -    88    -    -    -    -    -    -    -    -    -    -    -    -
MaPa    -    -    -    -    -    -    79    -    -    -    -    -    -    -    -    -    -    -    -
MaĆw    -    -    -    -    -    -    65    -    -    -    -    -    49    -    -    -    -    -    -
PrGa    -    -    -    -    -    -    51    -    -    -    -    -    42    -    -    -    -    -    -
RoLe    -    -    -    -    -    -    94    -    -    -    -    -    -    -    -    -    -    -    -
RoKo    -    -    -    -    -    -    62    -    -    -    -    -    -    -    -    -    -    -    -
RyiEwLe    -    -    -    -    -    -    70    -    -    -    -    -    -    76    -    -    -    -    76
SeKu    -    -    -    -    -    -    3    -    -    -    -    -    6    -    -    -    -    -    -
SeĆw    -    -    -    -    -    -    65    -    -    -    -    -    49    -    -    -    -    -    -
ToFu    -    -    -    -    -    -    55    -    -    -    -    -    60    -    -    -    -    -    -
WiCh    -    -    -    -    -    -    88    -    -    -    -    -    -    -    -    -    -    -    -
WiLi    -    -    -    -    -    -    40    -    -    -    -    -    38    -    -    -    -    -    -
WoFu    -    -    -    -    -    -    55    -    -    -    -    -    60    -    -    -    -    -    -
WoŚm    -    -    -    -    -    -    22    -    -    -    -    -    -    -    -    -    -    -    -
ZbKo    -    -    -    -    -    -    14    -    -    -    -    -    21    -    -    -    -    -    -
ZbWa    -    -    -    -    -    -    83    -    -    -    -    -    79    -    -    -    -    -    -
ZbiDaFi    -    -    -    -    -    -    69    -    -    -    -    -    -    -    -    -    -    -    -
ZeZi    -    -    -    -    -    -    46    -    -    -    -    -    38    -    -    -    -    -    -
PiSo    -    -    -    -    -    -    -    86    -    -    -    -    -    -    -    -    -    -    -
GrKi    -    -    -    -    -    -    -    -    99    -    -    -    -    -    -    -    -    -    -
JaSz    -    -    -    -    -    -    -    -    79    -    -    -    -    -    -    -    -    -    -
AnRy    -    -    -    -    -    -    -    -    -    77    -    -    -    -    -    -    -    -    -
ArGa    -    -    -    -    -    -    -    -    -    98    -    -    -    -    -    -    -    -    -
DoZa    -    -    -    -    -    -    -    -    -    63    -    -    -    -    -    -    -    -    -
EliToCh    -    -    -    -    -    -    -    -    -    56    -    -    -    -    -    -    -    -    -
JaBi    -    -    -    -    -    -    -    -    -    71    -    -    -    -    -    -    -    -    -
LuOp    -    -    -    -    -    -    -    -    -    97    -    -    -    -    -    -    -    -    -
PiBy    -    -    -    -    -    -    -    -    -    75    -    -    -    -    -    -    -    -    -
PiRo    -    -    -    -    -    -    -    -    -    80    -    -    -    -    -    -    -    -    -
PiŁu    -    -    -    -    -    -    -    -    -    80    -    -    -    -    -    -    -    -    -
RyŚc    -    -    -    -    -    -    -    -    -    95    -    -    -    -    -    -    -    -    -
TaBr    -    -    -    -    -    -    -    -    -    93    -    -    -    -    -    -    -    -    -
ToGo    -    -    -    -    -    -    -    -    -    89    -    -    -    -    -    -    -    -    -
WiMa    -    -    -    -    -    -    -    -    -    48    -    -    -    -    -    -    -    -    -
WiSa    -    -    -    -    -    -    -    -    -    96    -    -    -    -    -    -    -    -    -
WiZa    -    -    -    -    -    -    -    -    -    67    -    -    -    -    -    -    -    -    -
WoCi    -    -    -    -    -    -    -    -    -    82    -    -    -    -    -    -    -    -    -
FrJo    -    -    -    -    -    -    -    -    -    -    87    109    -    -    -    -    76    -    -
RoBą    -    -    -    -    -    -    -    -    -    -    93    -    -    -    -    -    98    -    -
WaJo    -    -    -    -    -    -    -    -    -    -    87    109    -    -    -    -    76    -    -
WiDu    -    -    -    -    -    -    -    -    -    -    79    -    -    -    -    -    -    -    -
AdWo    -    -    -    -    -    -    -    -    -    -    -    132    -    -    -    -    -    -    -
AnGł    -    -    -    -    -    -    -    -    -    -    -    146    -    -    -    -    -    -    -
AnŁo    -    -    -    -    -    -    -    -    -    -    -    142    -    -    -    -    -    -    -
BoKr    -    -    -    -    -    -    -    -    -    -    -    148    -    -    -    -    -    -    -
BoWi    -    -    -    -    -    -    -    -    -    -    -    150    -    -    -    -    -    -    -
JęWi    -    -    -    -    -    -    -    -    -    -    -    139    -    -    -    -    -    -    -
KriArBa    -    -    -    -    -    -    -    -    -    -    -    143    -    -    -    -    -    -    -
MaRz    -    -    -    -    -    -    -    -    -    -    -    135    -    -    -    -    -    -    -
WoSz    -    -    -    -    -    -    -    -    -    -    -    138    -    -    -    -    -    -    -
WłWł    -    -    -    -    -    -    -    -    -    -    -    104    -    -    -    -    99    -    -
AdKe    -    -    -    -    -    -    -    -    -    -    -    -    94    -    -    -    -    -    -
AnWi    -    -    -    -    -    -    -    -    -    -    -    -    25    -    -    -    -    -    -
AniRoLe    -    -    -    -    -    -    -    -    -    -    -    -    80    -    -    -    -    -    -
ArPe    -    -    -    -    -    -    -    -    -    -    -    -    71    -    -    -    -    -    -
DaKe    -    -    -    -    -    -    -    -    -    -    -    -    94    -    -    -    -    -    -
DaOszro    -    -    -    -    -    -    -    -    -    -    -    -    66    -    -    -    -    -    -
IgKl    -    -    -    -    -    -    -    -    -    -    -    -    84    -    -    -    -    -    -
JaCi    -    -    -    -    -    -    -    -    -    -    -    -    69    -    -    -    -    -    -
JaDr    -    -    -    -    -    -    -    -    -    -    -    -    88    -    -    -    -    -    -
KaiArBł    -    -    -    -    -    -    -    -    -    -    -    -    85    -    -    -    -    -    -
LeSz    -    -    -    -    -    -    -    -    -    -    -    -    81    -    -    -    -    -    -
MaPo    -    -    -    -    -    -    -    -    -    -    -    -    36    -    -    -    -    -    -
MaGo    -    -    -    -    -    -    -    -    -    -    -    -    98    -    -    -    -    -    -
MaDe    -    -    -    -    -    -    -    -    -    -    -    -    99    -    -    -    -    -    -
MaGa    -    -    -    -    -    -    -    -    -    -    -    -    83    -    -    -    -    -    -
MaJa    -    -    -    -    -    -    -    -    -    -    -    -    81    -    -    -    -    -    -
MiKo    -    -    -    -    -    -    -    -    -    -    -    -    88    -    -    -    -    -    -
PaMa    -    -    -    -    -    -    -    -    -    -    -    -    9    -    -    -    -    -    -
PiJa    -    -    -    -    -    -    -    -    -    -    -    -    86    -    -    -    -    -    -
ReiToSz    -    -    -    -    -    -    -    -    -    -    -    -    45    -    -    -    -    -    -
RoDaKo    -    -    -    -    -    -    -    -    -    -    -    -    65    -    -    -    -    -    -
WiŻy    -    -    -    -    -    -    -    -    -    -    -    -    93    -    -    -    -    -    -
ZbiMaJu    -    -    -    -    -    -    -    -    -    -    -    -    11    -    -    -    -    -    -
ŁuNo    -    -    -    -    -    -    -    -    -    -    -    -    8    -    -    -    -    -    -
HeiPaKo    -    -    -    -    -    -    -    -    -    -    -    -    -    90    -    -    -    -    90
RoŚc    -    -    -    -    -    -    -    -    -    -    -    -    -    84    -    -    -    -    84
RoSz    -    -    -    -    -    -    -    -    -    -    -    -    -    -    -    -    91    -    -
IwiWaKu    -    -    -    -    -    -    -    -    -    -    -    -    -    -    -    -    -    94    -
MiPlzro    -    -    -    -    -    -    -    -    -    -    -    -    -    -    -    -    -    65    -
